[20-Aug-2020 17:34:56 America/Halifax] PHP Warning:  PHP Startup: Unable to load dynamic library 'pdo_pgsql' (tried: /usr/lib/php/20190902/pdo_pgsql (/usr/lib/php/20190902/pdo_pgsql: cannot open shared object file: No such file or directory), /usr/lib/php/20190902/pdo_pgsql.so (/usr/lib/php/20190902/pdo_pgsql.so: undefined symbol: pdo_parse_params)) in Unknown on line 0
[20-Aug-2020 17:34:56 America/Halifax] PHP Warning:  Module 'curl' already loaded in Unknown on line 0
[20-Aug-2020 17:34:57 America/Halifax] PHP Warning:  Module 'intl' already loaded in Unknown on line 0
[20-Aug-2020 17:34:57 America/Halifax] PHP Warning:  Module 'pgsql' already loaded in Unknown on line 0
[20-Aug-2020 17:34:57 America/Halifax] PHP Warning:  Module 'zip' already loaded in Unknown on line 0
[20-Aug-2020 17:40:22 America/Halifax] PHP Warning:  PHP Startup: Unable to load dynamic library 'pdo_pgsql' (tried: /usr/lib/php/20190902/pdo_pgsql (/usr/lib/php/20190902/pdo_pgsql: cannot open shared object file: No such file or directory), /usr/lib/php/20190902/pdo_pgsql.so (/usr/lib/php/20190902/pdo_pgsql.so: undefined symbol: pdo_parse_params)) in Unknown on line 0
[20-Aug-2020 17:40:22 America/Halifax] PHP Warning:  Module 'curl' already loaded in Unknown on line 0
[20-Aug-2020 17:40:22 America/Halifax] PHP Warning:  Module 'intl' already loaded in Unknown on line 0
[20-Aug-2020 17:40:22 America/Halifax] PHP Warning:  Module 'pgsql' already loaded in Unknown on line 0
[20-Aug-2020 17:40:22 America/Halifax] PHP Warning:  Module 'zip' already loaded in Unknown on line 0
[29-Aug-2020 16:44:11 America/Halifax] PHP Warning:  PHP Startup: Unable to load dynamic library 'gd2' (tried: /usr/lib/php/20180731/gd2 (/usr/lib/php/20180731/gd2: cannot open shared object file: No such file or directory), /usr/lib/php/20180731/gd2.so (/usr/lib/php/20180731/gd2.so: cannot open shared object file: No such file or directory)) in Unknown on line 0
[29-Aug-2020 16:44:11 America/Halifax] PHP Warning:  PHP Startup: Unable to load dynamic library 'odbc' (tried: /usr/lib/php/20180731/odbc (/usr/lib/php/20180731/odbc: cannot open shared object file: No such file or directory), /usr/lib/php/20180731/odbc.so (/usr/lib/php/20180731/odbc.so: cannot open shared object file: No such file or directory)) in Unknown on line 0
[29-Aug-2020 16:44:11 America/Halifax] PHP Warning:  PHP Startup: Unable to load dynamic library 'pdo_mysql' (tried: /usr/lib/php/20180731/pdo_mysql (/usr/lib/php/20180731/pdo_mysql: cannot open shared object file: No such file or directory), /usr/lib/php/20180731/pdo_mysql.so (/usr/lib/php/20180731/pdo_mysql.so: cannot open shared object file: No such file or directory)) in Unknown on line 0
[29-Aug-2020 16:44:11 America/Halifax] PHP Warning:  PHP Startup: Unable to load dynamic library 'pdo_oci' (tried: /usr/lib/php/20180731/pdo_oci (/usr/lib/php/20180731/pdo_oci: cannot open shared object file: No such file or directory), /usr/lib/php/20180731/pdo_oci.so (/usr/lib/php/20180731/pdo_oci.so: cannot open shared object file: No such file or directory)) in Unknown on line 0
[29-Aug-2020 16:44:11 America/Halifax] PHP Warning:  PHP Startup: Unable to load dynamic library 'pdo_odbc' (tried: /usr/lib/php/20180731/pdo_odbc (/usr/lib/php/20180731/pdo_odbc: cannot open shared object file: No such file or directory), /usr/lib/php/20180731/pdo_odbc.so (/usr/lib/php/20180731/pdo_odbc.so: cannot open shared object file: No such file or directory)) in Unknown on line 0
[29-Aug-2020 16:44:11 America/Halifax] PHP Warning:  PHP Startup: Unable to load dynamic library 'pdo_pgsql' (tried: /usr/lib/php/20180731/pdo_pgsql (/usr/lib/php/20180731/pdo_pgsql: cannot open shared object file: No such file or directory), /usr/lib/php/20180731/pdo_pgsql.so (/usr/lib/php/20180731/pdo_pgsql.so: undefined symbol: pdo_parse_params)) in Unknown on line 0
[29-Aug-2020 16:44:11 America/Halifax] PHP Warning:  Module 'curl' already loaded in Unknown on line 0
[29-Aug-2020 16:44:11 America/Halifax] PHP Warning:  Module 'intl' already loaded in Unknown on line 0
[29-Aug-2020 16:44:11 America/Halifax] PHP Warning:  Module 'pgsql' already loaded in Unknown on line 0
[29-Aug-2020 16:44:11 America/Halifax] PHP Warning:  Module 'zip' already loaded in Unknown on line 0
[29-Aug-2020 16:44:28 America/Halifax] PHP Warning:  PHP Startup: Unable to load dynamic library 'gd2' (tried: /usr/lib/php/20180731/gd2 (/usr/lib/php/20180731/gd2: cannot open shared object file: No such file or directory), /usr/lib/php/20180731/gd2.so (/usr/lib/php/20180731/gd2.so: cannot open shared object file: No such file or directory)) in Unknown on line 0
[29-Aug-2020 16:44:28 America/Halifax] PHP Warning:  PHP Startup: Unable to load dynamic library 'odbc' (tried: /usr/lib/php/20180731/odbc (/usr/lib/php/20180731/odbc: cannot open shared object file: No such file or directory), /usr/lib/php/20180731/odbc.so (/usr/lib/php/20180731/odbc.so: cannot open shared object file: No such file or directory)) in Unknown on line 0
[29-Aug-2020 16:44:28 America/Halifax] PHP Warning:  PHP Startup: Unable to load dynamic library 'pdo_mysql' (tried: /usr/lib/php/20180731/pdo_mysql (/usr/lib/php/20180731/pdo_mysql: cannot open shared object file: No such file or directory), /usr/lib/php/20180731/pdo_mysql.so (/usr/lib/php/20180731/pdo_mysql.so: cannot open shared object file: No such file or directory)) in Unknown on line 0
[29-Aug-2020 16:44:28 America/Halifax] PHP Warning:  PHP Startup: Unable to load dynamic library 'pdo_oci' (tried: /usr/lib/php/20180731/pdo_oci (/usr/lib/php/20180731/pdo_oci: cannot open shared object file: No such file or directory), /usr/lib/php/20180731/pdo_oci.so (/usr/lib/php/20180731/pdo_oci.so: cannot open shared object file: No such file or directory)) in Unknown on line 0
[29-Aug-2020 16:44:28 America/Halifax] PHP Warning:  PHP Startup: Unable to load dynamic library 'pdo_odbc' (tried: /usr/lib/php/20180731/pdo_odbc (/usr/lib/php/20180731/pdo_odbc: cannot open shared object file: No such file or directory), /usr/lib/php/20180731/pdo_odbc.so (/usr/lib/php/20180731/pdo_odbc.so: cannot open shared object file: No such file or directory)) in Unknown on line 0
[29-Aug-2020 16:44:28 America/Halifax] PHP Warning:  PHP Startup: Unable to load dynamic library 'pdo_pgsql' (tried: /usr/lib/php/20180731/pdo_pgsql (/usr/lib/php/20180731/pdo_pgsql: cannot open shared object file: No such file or directory), /usr/lib/php/20180731/pdo_pgsql.so (/usr/lib/php/20180731/pdo_pgsql.so: undefined symbol: pdo_parse_params)) in Unknown on line 0
[29-Aug-2020 16:44:28 America/Halifax] PHP Warning:  Module 'curl' already loaded in Unknown on line 0
[29-Aug-2020 16:44:28 America/Halifax] PHP Warning:  Module 'intl' already loaded in Unknown on line 0
[29-Aug-2020 16:44:28 America/Halifax] PHP Warning:  Module 'pgsql' already loaded in Unknown on line 0
[29-Aug-2020 16:44:28 America/Halifax] PHP Warning:  Module 'zip' already loaded in Unknown on line 0
